<?xml version="1.0" encoding="UTF-8"?>
<!-- Generated by org.testng.reporters.JUnitReportReporter -->
<testsuite hostname="Hendras-MacBook-Pro.local" failures="0" tests="4" name="selenium.API.RequstAPI" time="3.592" errors="0" timestamp="2024-02-24T16:14:21 WIB" skipped="0">
  <testcase classname="selenium.API.RequstAPI" name="createUser" time="1.696"/>
  <testcase classname="selenium.API.RequstAPI" name="getUser" time="0.615"/>
  <testcase classname="selenium.API.RequstAPI" name="updateUser" time="0.687"/>
  <testcase classname="selenium.API.RequstAPI" name="deleteUser" time="0.594"/>
</testsuite> <!-- selenium.API.RequstAPI -->
