<?xml version="1.0" encoding="UTF-8"?>
<!-- Generated by org.testng.reporters.JUnitReportReporter -->
<testsuite hostname="Hendras-MacBook-Pro.local" failures="0" tests="4" name="selenium.API.RequstAPI" time="2.887" errors="0" timestamp="2024-02-13T14:01:05 WIB" skipped="0">
  <testcase classname="selenium.API.RequstAPI" name="getUser" time="1.123"/>
  <testcase classname="selenium.API.RequstAPI" name="createUser" time="0.738"/>
  <testcase classname="selenium.API.RequstAPI" name="updateUser" time="0.613"/>
  <testcase classname="selenium.API.RequstAPI" name="deleteUser" time="0.413"/>
</testsuite> <!-- selenium.API.RequstAPI -->
